[Thu Jan 21 23:55:55.159691 2021] [ssl:warn] [pid 12312:tid 672] AH01909: localhost:444:0 server certificate does NOT include an ID which matches the server name
[Thu Jan 21 23:55:55.213451 2021] [ssl:warn] [pid 12312:tid 672] AH01909: localhost:444:0 server certificate does NOT include an ID which matches the server name
[Thu Jan 21 23:55:55.284119 2021] [mpm_winnt:notice] [pid 12312:tid 672] AH00455: Apache/2.4.46 (Win64) OpenSSL/1.1.1h PHP/7.4.14 configured -- resuming normal operations
[Thu Jan 21 23:55:55.284119 2021] [mpm_winnt:notice] [pid 12312:tid 672] AH00456: Apache Lounge VC15 Server built: Oct  3 2020 12:58:33
[Thu Jan 21 23:55:55.284119 2021] [core:notice] [pid 12312:tid 672] AH00094: Command line: 'C:\\Bitnami\\wordpress-5.6-2\\apache2\\bin\\httpd.exe -d C:/Bitnami/wordpress-5.6-2/apache2 -f C:\\Bitnami\\wordpress-5.6-2\\apache2\\conf\\httpd.conf'
[Thu Jan 21 23:55:55.290989 2021] [mpm_winnt:notice] [pid 12312:tid 672] AH00418: Parent: Created child process 14384
[Thu Jan 21 23:55:56.052297 2021] [ssl:warn] [pid 14384:tid 604] AH01909: localhost:444:0 server certificate does NOT include an ID which matches the server name
[Thu Jan 21 23:55:56.102076 2021] [ssl:warn] [pid 14384:tid 604] AH01909: localhost:444:0 server certificate does NOT include an ID which matches the server name
[Thu Jan 21 23:55:56.130951 2021] [mpm_winnt:notice] [pid 14384:tid 604] AH00354: Child: Starting 64 worker threads.
[Thu Jan 21 23:56:03.869105 2021] [mpm_winnt:notice] [pid 12312:tid 672] AH00422: Parent: Received shutdown signal -- Shutting down the server.
[Thu Jan 21 23:56:05.874766 2021] [mpm_winnt:notice] [pid 14384:tid 604] AH00364: Child: All worker threads have exited.
[Thu Jan 21 23:56:05.908282 2021] [mpm_winnt:notice] [pid 12312:tid 672] AH00430: Parent: Child process 14384 exited successfully.
[Thu Jan 21 23:56:08.354274 2021] [ssl:warn] [pid 1368:tid 688] AH01909: localhost:444:0 server certificate does NOT include an ID which matches the server name
[Thu Jan 21 23:56:08.406329 2021] [ssl:warn] [pid 1368:tid 688] AH01909: localhost:444:0 server certificate does NOT include an ID which matches the server name
[Thu Jan 21 23:56:08.426744 2021] [mpm_winnt:notice] [pid 1368:tid 688] AH00455: Apache/2.4.46 (Win64) OpenSSL/1.1.1h PHP/7.4.14 configured -- resuming normal operations
[Thu Jan 21 23:56:08.426744 2021] [mpm_winnt:notice] [pid 1368:tid 688] AH00456: Apache Lounge VC15 Server built: Oct  3 2020 12:58:33
[Thu Jan 21 23:56:08.426744 2021] [core:notice] [pid 1368:tid 688] AH00094: Command line: 'C:\\Bitnami\\wordpress-5.6-2\\apache2\\bin\\httpd.exe -d C:/Bitnami/wordpress-5.6-2/apache2 -f C:\\Bitnami\\wordpress-5.6-2\\apache2\\conf\\httpd.conf'
[Thu Jan 21 23:56:08.433943 2021] [mpm_winnt:notice] [pid 1368:tid 688] AH00418: Parent: Created child process 12432
[Thu Jan 21 23:56:09.327236 2021] [ssl:warn] [pid 12432:tid 620] AH01909: localhost:444:0 server certificate does NOT include an ID which matches the server name
[Thu Jan 21 23:56:09.445934 2021] [ssl:warn] [pid 12432:tid 620] AH01909: localhost:444:0 server certificate does NOT include an ID which matches the server name
[Thu Jan 21 23:56:09.483917 2021] [mpm_winnt:notice] [pid 12432:tid 620] AH00354: Child: Starting 64 worker threads.
[Thu Jan 21 23:56:23.114205 2021] [mpm_winnt:notice] [pid 1368:tid 688] AH00422: Parent: Received shutdown signal -- Shutting down the server.
[Thu Jan 21 23:56:25.131072 2021] [mpm_winnt:notice] [pid 12432:tid 620] AH00364: Child: All worker threads have exited.
[Thu Jan 21 23:56:25.170132 2021] [mpm_winnt:notice] [pid 1368:tid 688] AH00430: Parent: Child process 12432 exited successfully.
[Thu Jan 21 23:56:28.150333 2021] [ssl:warn] [pid 18808:tid 680] AH01909: localhost:444:0 server certificate does NOT include an ID which matches the server name
[Thu Jan 21 23:56:28.209984 2021] [ssl:warn] [pid 18808:tid 680] AH01909: localhost:444:0 server certificate does NOT include an ID which matches the server name
[Thu Jan 21 23:56:28.237900 2021] [mpm_winnt:notice] [pid 18808:tid 680] AH00455: Apache/2.4.46 (Win64) OpenSSL/1.1.1h PHP/7.4.14 configured -- resuming normal operations
[Thu Jan 21 23:56:28.237900 2021] [mpm_winnt:notice] [pid 18808:tid 680] AH00456: Apache Lounge VC15 Server built: Oct  3 2020 12:58:33
[Thu Jan 21 23:56:28.237900 2021] [core:notice] [pid 18808:tid 680] AH00094: Command line: 'C:\\Bitnami\\wordpress-5.6-2\\apache2\\bin\\httpd.exe -d C:/Bitnami/wordpress-5.6-2/apache2 -f C:\\Bitnami\\wordpress-5.6-2\\apache2\\conf\\httpd.conf'
[Thu Jan 21 23:56:28.240910 2021] [mpm_winnt:notice] [pid 18808:tid 680] AH00418: Parent: Created child process 17792
[Thu Jan 21 23:56:29.398611 2021] [ssl:warn] [pid 17792:tid 516] AH01909: localhost:444:0 server certificate does NOT include an ID which matches the server name
[Thu Jan 21 23:56:29.639767 2021] [ssl:warn] [pid 17792:tid 516] AH01909: localhost:444:0 server certificate does NOT include an ID which matches the server name
[Thu Jan 21 23:56:29.713059 2021] [mpm_winnt:notice] [pid 17792:tid 516] AH00354: Child: Starting 64 worker threads.
[Fri Jan 22 16:53:42.517793 2021] [php7:error] [pid 17792:tid 1256] [client ::1:64550] PHP Fatal error:  Uncaught RuntimeException: Failed to locate plugin C:\\Bitnami\\wordpress-5.6-2\\apps\\wordpress\\htdocs\\wp-content\\plugins\\jetpack in C:\\Bitnami\\wordpress-5.6-2\\apps\\wordpress\\htdocs\\wp-content\\plugins\\jetpack\\vendor\\jetpack-autoloader\\class-plugin-locator.php:46\nStack trace:\n#0 C:\\Bitnami\\wordpress-5.6-2\\apps\\wordpress\\htdocs\\wp-content\\plugins\\jetpack\\vendor\\jetpack-autoloader\\class-plugins-handler.php(96): Automattic\\Jetpack\\Autoloader\\jp0c2a830fc5e83fd354fddd8ce525ab7d\\Plugin_Locator->find_current_plugin()\n#1 C:\\Bitnami\\wordpress-5.6-2\\apps\\wordpress\\htdocs\\wp-content\\plugins\\jetpack\\vendor\\jetpack-autoloader\\class-autoloader.php(88): Automattic\\Jetpack\\Autoloader\\jp0c2a830fc5e83fd354fddd8ce525ab7d\\Plugins_Handler->get_active_plugins()\n#2 C:\\Bitnami\\wordpress-5.6-2\\apps\\wordpress\\htdocs\\wp-includes\\class-wp-hook.php(287): Automattic\\Jetpack\\Autoloader\\jp0c2a830fc5e83fd354fddd8ce525ab7d\\Autoloader::Automattic\\Jetpack\\Autoloader\\jp0c2a830fc5e83fd354fddd8ce525ab7d\\{closure}()\n#3 C:\\Bitnami\\wordpress-5.6-2\\apps\\w in C:\\Bitnami\\wordpress-5.6-2\\apps\\wordpress\\htdocs\\wp-content\\plugins\\jetpack\\vendor\\jetpack-autoloader\\class-plugin-locator.php on line 46, referer: http://localhost:81/wordpress/wp-admin/plugins.php?plugin_status=all&paged=1&s
[Fri Jan 22 16:53:42.563672 2021] [php7:warn] [pid 17792:tid 1256] [client ::1:64550] PHP Warning:  Use of undefined constant STAGS_OPTIONS_NAME - assumed 'STAGS_OPTIONS_NAME' (this will throw an Error in a future version of PHP) in C:\\Bitnami\\wordpress-5.6-2\\apps\\wordpress\\htdocs\\wp-content\\plugins\\simple-tags\\uninstall.php on line 9, referer: http://localhost:81/wordpress/wp-admin/plugins.php?plugin_status=all&paged=1&s
[Fri Jan 22 16:53:42.563672 2021] [php7:warn] [pid 17792:tid 1256] [client ::1:64550] PHP Warning:  Use of undefined constant STAGS_OPTIONS_NAME - assumed 'STAGS_OPTIONS_NAME' (this will throw an Error in a future version of PHP) in C:\\Bitnami\\wordpress-5.6-2\\apps\\wordpress\\htdocs\\wp-content\\plugins\\simple-tags\\uninstall.php on line 10, referer: http://localhost:81/wordpress/wp-admin/plugins.php?plugin_status=all&paged=1&s
[Fri Jan 22 16:53:42.564668 2021] [php7:warn] [pid 17792:tid 1256] [client ::1:64550] PHP Warning:  Use of undefined constant STAGS_OPTIONS_NAME_AUTO - assumed 'STAGS_OPTIONS_NAME_AUTO' (this will throw an Error in a future version of PHP) in C:\\Bitnami\\wordpress-5.6-2\\apps\\wordpress\\htdocs\\wp-content\\plugins\\simple-tags\\uninstall.php on line 12, referer: http://localhost:81/wordpress/wp-admin/plugins.php?plugin_status=all&paged=1&s
[Mon Jan 25 23:13:26.833285 2021] [php7:error] [pid 17792:tid 1232] [client ::1:58125] PHP Fatal error:  Uncaught Error: Call to a member function update_meta() on null in C:\\Bitnami\\wordpress-5.6-2\\apps\\wordpress\\htdocs\\wp-content\\plugins\\elementor-pro\\modules\\theme-builder\\classes\\conditions-manager.php:281\nStack trace:\n#0 C:\\Bitnami\\wordpress-5.6-2\\apps\\wordpress\\htdocs\\wp-content\\plugins\\elementor-pro\\modules\\theme-builder\\classes\\conditions-manager.php(162): ElementorPro\\Modules\\ThemeBuilder\\Classes\\Conditions_Manager->save_conditions()\n#1 [internal function]: ElementorPro\\Modules\\ThemeBuilder\\Classes\\Conditions_Manager->ajax_save_theme_template_conditions()\n#2 C:\\Bitnami\\wordpress-5.6-2\\apps\\wordpress\\htdocs\\wp-content\\plugins\\elementor\\core\\common\\modules\\ajax\\module.php(171): call_user_func()\n#3 C:\\Bitnami\\wordpress-5.6-2\\apps\\wordpress\\htdocs\\wp-includes\\class-wp-hook.php(287): Elementor\\Core\\Common\\Modules\\Ajax\\Module->handle_ajax_request()\n#4 C:\\Bitnami\\wordpress-5.6-2\\apps\\wordpress\\htdocs\\wp-includes\\class-wp-hook.php(311): WP_Hook->apply_filters()\n#5 C:\\Bitnami\\wordpress-5.6-2\\apps\\wordpress\\htdocs in C:\\Bitnami\\wordpress-5.6-2\\apps\\wordpress\\htdocs\\wp-content\\plugins\\elementor-pro\\modules\\theme-builder\\classes\\conditions-manager.php on line 281, referer: http://localhost:81/wordpress/wp-admin/post.php?post=101&action=elementor
[Mon Jan 25 23:17:11.029427 2021] [php7:error] [pid 17792:tid 1232] [client ::1:58178] PHP Fatal error:  Uncaught Error: Call to a member function update_meta() on null in C:\\Bitnami\\wordpress-5.6-2\\apps\\wordpress\\htdocs\\wp-content\\plugins\\elementor-pro\\modules\\theme-builder\\classes\\conditions-manager.php:281\nStack trace:\n#0 C:\\Bitnami\\wordpress-5.6-2\\apps\\wordpress\\htdocs\\wp-content\\plugins\\elementor-pro\\modules\\theme-builder\\classes\\conditions-manager.php(162): ElementorPro\\Modules\\ThemeBuilder\\Classes\\Conditions_Manager->save_conditions()\n#1 [internal function]: ElementorPro\\Modules\\ThemeBuilder\\Classes\\Conditions_Manager->ajax_save_theme_template_conditions()\n#2 C:\\Bitnami\\wordpress-5.6-2\\apps\\wordpress\\htdocs\\wp-content\\plugins\\elementor\\core\\common\\modules\\ajax\\module.php(171): call_user_func()\n#3 C:\\Bitnami\\wordpress-5.6-2\\apps\\wordpress\\htdocs\\wp-includes\\class-wp-hook.php(287): Elementor\\Core\\Common\\Modules\\Ajax\\Module->handle_ajax_request()\n#4 C:\\Bitnami\\wordpress-5.6-2\\apps\\wordpress\\htdocs\\wp-includes\\class-wp-hook.php(311): WP_Hook->apply_filters()\n#5 C:\\Bitnami\\wordpress-5.6-2\\apps\\wordpress\\htdocs in C:\\Bitnami\\wordpress-5.6-2\\apps\\wordpress\\htdocs\\wp-content\\plugins\\elementor-pro\\modules\\theme-builder\\classes\\conditions-manager.php on line 281, referer: http://localhost:81/wordpress/wp-admin/post.php?post=101&action=elementor
[Mon Jan 25 23:18:43.987836 2021] [php7:error] [pid 17792:tid 1232] [client ::1:58199] PHP Fatal error:  Uncaught Error: Call to a member function update_meta() on null in C:\\Bitnami\\wordpress-5.6-2\\apps\\wordpress\\htdocs\\wp-content\\plugins\\elementor-pro\\modules\\theme-builder\\classes\\conditions-manager.php:281\nStack trace:\n#0 C:\\Bitnami\\wordpress-5.6-2\\apps\\wordpress\\htdocs\\wp-content\\plugins\\elementor-pro\\modules\\theme-builder\\classes\\conditions-manager.php(162): ElementorPro\\Modules\\ThemeBuilder\\Classes\\Conditions_Manager->save_conditions()\n#1 [internal function]: ElementorPro\\Modules\\ThemeBuilder\\Classes\\Conditions_Manager->ajax_save_theme_template_conditions()\n#2 C:\\Bitnami\\wordpress-5.6-2\\apps\\wordpress\\htdocs\\wp-content\\plugins\\elementor\\core\\common\\modules\\ajax\\module.php(171): call_user_func()\n#3 C:\\Bitnami\\wordpress-5.6-2\\apps\\wordpress\\htdocs\\wp-includes\\class-wp-hook.php(287): Elementor\\Core\\Common\\Modules\\Ajax\\Module->handle_ajax_request()\n#4 C:\\Bitnami\\wordpress-5.6-2\\apps\\wordpress\\htdocs\\wp-includes\\class-wp-hook.php(311): WP_Hook->apply_filters()\n#5 C:\\Bitnami\\wordpress-5.6-2\\apps\\wordpress\\htdocs in C:\\Bitnami\\wordpress-5.6-2\\apps\\wordpress\\htdocs\\wp-content\\plugins\\elementor-pro\\modules\\theme-builder\\classes\\conditions-manager.php on line 281, referer: http://localhost:81/wordpress/wp-admin/post.php?post=101&action=elementor
[Mon Jan 25 23:19:38.772544 2021] [php7:error] [pid 17792:tid 1232] [client ::1:58217] PHP Fatal error:  Uncaught Error: Call to a member function update_meta() on null in C:\\Bitnami\\wordpress-5.6-2\\apps\\wordpress\\htdocs\\wp-content\\plugins\\elementor-pro\\modules\\theme-builder\\classes\\conditions-manager.php:281\nStack trace:\n#0 C:\\Bitnami\\wordpress-5.6-2\\apps\\wordpress\\htdocs\\wp-content\\plugins\\elementor-pro\\modules\\theme-builder\\classes\\conditions-manager.php(162): ElementorPro\\Modules\\ThemeBuilder\\Classes\\Conditions_Manager->save_conditions()\n#1 [internal function]: ElementorPro\\Modules\\ThemeBuilder\\Classes\\Conditions_Manager->ajax_save_theme_template_conditions()\n#2 C:\\Bitnami\\wordpress-5.6-2\\apps\\wordpress\\htdocs\\wp-content\\plugins\\elementor\\core\\common\\modules\\ajax\\module.php(171): call_user_func()\n#3 C:\\Bitnami\\wordpress-5.6-2\\apps\\wordpress\\htdocs\\wp-includes\\class-wp-hook.php(287): Elementor\\Core\\Common\\Modules\\Ajax\\Module->handle_ajax_request()\n#4 C:\\Bitnami\\wordpress-5.6-2\\apps\\wordpress\\htdocs\\wp-includes\\class-wp-hook.php(311): WP_Hook->apply_filters()\n#5 C:\\Bitnami\\wordpress-5.6-2\\apps\\wordpress\\htdocs in C:\\Bitnami\\wordpress-5.6-2\\apps\\wordpress\\htdocs\\wp-content\\plugins\\elementor-pro\\modules\\theme-builder\\classes\\conditions-manager.php on line 281, referer: http://localhost:81/wordpress/wp-admin/post.php?post=101&action=elementor
[Tue Feb 02 18:54:52.269934 2021] [mpm_winnt:notice] [pid 18808:tid 680] AH00422: Parent: Received shutdown signal -- Shutting down the server.
[Tue Feb 02 18:54:54.345057 2021] [mpm_winnt:notice] [pid 17792:tid 516] AH00364: Child: All worker threads have exited.
[Tue Feb 02 18:54:55.902101 2021] [mpm_winnt:notice] [pid 18808:tid 680] AH00430: Parent: Child process 17792 exited successfully.
[Tue Feb 02 18:55:40.221190 2021] [ssl:warn] [pid 5516:tid 692] AH01909: localhost:444:0 server certificate does NOT include an ID which matches the server name
[Tue Feb 02 18:55:40.424267 2021] [ssl:warn] [pid 5516:tid 692] AH01909: localhost:444:0 server certificate does NOT include an ID which matches the server name
[Tue Feb 02 18:55:41.049121 2021] [mpm_winnt:notice] [pid 5516:tid 692] AH00455: Apache/2.4.46 (Win64) OpenSSL/1.1.1h PHP/7.4.14 configured -- resuming normal operations
[Tue Feb 02 18:55:41.049121 2021] [mpm_winnt:notice] [pid 5516:tid 692] AH00456: Apache Lounge VC15 Server built: Oct  3 2020 12:58:33
[Tue Feb 02 18:55:41.049121 2021] [core:notice] [pid 5516:tid 692] AH00094: Command line: 'C:\\Bitnami\\wordpress-5.6-2\\apache2\\bin\\httpd.exe -d C:/Bitnami/wordpress-5.6-2/apache2 -f C:\\Bitnami\\wordpress-5.6-2\\apache2\\conf\\httpd.conf'
[Tue Feb 02 18:55:41.205333 2021] [mpm_winnt:notice] [pid 5516:tid 692] AH00418: Parent: Created child process 8416
[Tue Feb 02 18:55:43.086826 2021] [ssl:warn] [pid 8416:tid 640] AH01909: localhost:444:0 server certificate does NOT include an ID which matches the server name
[Tue Feb 02 18:55:43.164933 2021] [ssl:warn] [pid 8416:tid 640] AH01909: localhost:444:0 server certificate does NOT include an ID which matches the server name
[Tue Feb 02 18:55:43.227419 2021] [mpm_winnt:notice] [pid 8416:tid 640] AH00354: Child: Starting 64 worker threads.
[Mon Feb 08 16:01:06.877223 2021] [mpm_winnt:notice] [pid 5516:tid 692] AH00428: Parent: child process 8416 exited with status 3221226356 -- Restarting.
[Mon Feb 08 16:01:07.056224 2021] [ssl:warn] [pid 5516:tid 692] AH01909: localhost:444:0 server certificate does NOT include an ID which matches the server name
[Mon Feb 08 16:01:07.120169 2021] [mpm_winnt:notice] [pid 5516:tid 692] AH00455: Apache/2.4.46 (Win64) OpenSSL/1.1.1h PHP/7.4.14 configured -- resuming normal operations
[Mon Feb 08 16:01:07.120169 2021] [mpm_winnt:notice] [pid 5516:tid 692] AH00456: Apache Lounge VC15 Server built: Oct  3 2020 12:58:33
[Mon Feb 08 16:01:07.120169 2021] [core:notice] [pid 5516:tid 692] AH00094: Command line: 'C:\\Bitnami\\wordpress-5.6-2\\apache2\\bin\\httpd.exe -d C:/Bitnami/wordpress-5.6-2/apache2 -f C:\\Bitnami\\wordpress-5.6-2\\apache2\\conf\\httpd.conf'
[Mon Feb 08 16:01:07.125220 2021] [mpm_winnt:notice] [pid 5516:tid 692] AH00418: Parent: Created child process 12536
[Mon Feb 08 16:01:08.069333 2021] [ssl:warn] [pid 12536:tid 116] AH01909: localhost:444:0 server certificate does NOT include an ID which matches the server name
[Mon Feb 08 16:01:08.154010 2021] [ssl:warn] [pid 12536:tid 116] AH01909: localhost:444:0 server certificate does NOT include an ID which matches the server name
[Mon Feb 08 16:01:08.198261 2021] [mpm_winnt:notice] [pid 12536:tid 116] AH00354: Child: Starting 64 worker threads.
[Mon Feb 08 18:11:29.876596 2021] [mpm_winnt:notice] [pid 5516:tid 692] AH00422: Parent: Received shutdown signal -- Shutting down the server.
[Mon Feb 08 18:11:31.908215 2021] [mpm_winnt:notice] [pid 12536:tid 116] AH00364: Child: All worker threads have exited.
[Mon Feb 08 18:11:34.893062 2021] [mpm_winnt:notice] [pid 5516:tid 692] AH00430: Parent: Child process 12536 exited successfully.
[Mon Feb 08 18:12:19.224814 2021] [ssl:warn] [pid 24752:tid 692] AH01909: localhost:444:0 server certificate does NOT include an ID which matches the server name
[Mon Feb 08 18:12:19.271716 2021] [ssl:warn] [pid 24752:tid 692] AH01909: localhost:444:0 server certificate does NOT include an ID which matches the server name
[Mon Feb 08 18:12:19.287300 2021] [mpm_winnt:notice] [pid 24752:tid 692] AH00455: Apache/2.4.46 (Win64) OpenSSL/1.1.1h PHP/7.4.14 configured -- resuming normal operations
[Mon Feb 08 18:12:19.287300 2021] [mpm_winnt:notice] [pid 24752:tid 692] AH00456: Apache Lounge VC15 Server built: Oct  3 2020 12:58:33
[Mon Feb 08 18:12:19.287300 2021] [core:notice] [pid 24752:tid 692] AH00094: Command line: 'C:\\Bitnami\\wordpress-5.6-2\\apache2\\bin\\httpd.exe -d C:/Bitnami/wordpress-5.6-2/apache2 -f C:\\Bitnami\\wordpress-5.6-2\\apache2\\conf\\httpd.conf'
[Mon Feb 08 18:12:19.287300 2021] [mpm_winnt:notice] [pid 24752:tid 692] AH00418: Parent: Created child process 22716
[Mon Feb 08 18:12:19.646591 2021] [ssl:warn] [pid 22716:tid 608] AH01909: localhost:444:0 server certificate does NOT include an ID which matches the server name
[Mon Feb 08 18:12:19.693456 2021] [ssl:warn] [pid 22716:tid 608] AH01909: localhost:444:0 server certificate does NOT include an ID which matches the server name
[Mon Feb 08 18:12:19.724697 2021] [mpm_winnt:notice] [pid 22716:tid 608] AH00354: Child: Starting 64 worker threads.
